frame id : 244  
frame id : 244  
frame id : 244  
frame id : 244  
frame id : 244  
frame id : 244  
frame id : 244  
frame id : 244  
frame id : 244  
frame id : 244  
frame id : 244  
frame id : 244  
frame id : 244  
frame id : 244  
frame id : 244  
frame id : 244  
frame id : 244  
frame id : 244  
frame id : 244  
frame id : 244  
frame id : 244  
frame id : 244  
frame id : 244  
frame id : 244  
frame id : 244  
frame id : 244  
frame id : 244  
frame id : 244  
frame id : 244  
frame id : 244  
frame id : 244  
frame id : 244  
frame id : 244  
frame id : 244  
frame id : 244  
frame id : 244  
frame id : 244  
frame id : 244  
frame id : 244  
frame id : 244  
frame id : 244  
frame id : 244  
frame id : 244  
frame id : 244  
frame id : 244  
frame id : 244  
frame id : 244  
frame id : 244  
frame id : 244  
frame id : 244  
frame id : 244  
frame id : 244  
frame id : 244  
frame id : 244  
frame id : 244  
frame id : 244  
frame id : 244  
frame id : 244  
frame id : 244  
frame id : 244  
frame id : 244  
frame id : 244  
frame id : 244  
frame id : 244  
frame id : 244  
frame id : 244  
frame id : 244  
frame id : 244  
frame id : 244  
frame id : 244  
frame id : 244  
frame id : 244  
frame id : 244  
frame id : 244  
frame id : 244  
frame id : 244  
frame id : 244  
frame id : 244  
frame id : 244  
frame id : 244  
frame id : 244  
frame id : 182  
frame id : 183  track id : 68   
frame id : 184  track id : 69   
frame id : 184  
frame id : 186  track id : 69   
frame id : 187  track id : 69   
frame id : 188  track id : 69   
frame id : 189  track id : 69   
frame id : 190  track id : 69   
frame id : 192  track id : 69   
frame id : 193  track id : 69   
frame id : 194  
frame id : 194  
frame id : 195  
frame id : 196  track id : 69   
frame id : 197  track id : 69   
frame id : 199  track id : 69   
frame id : 199  
frame id : 200  track id : 69   
frame id : 202  track id : 69   
frame id : 203  track id : 69   
frame id : 204  track id : 69   
frame id : 205  track id : 69   
frame id : 206  track id : 69   
frame id : 208  track id : 69   
frame id : 209  track id : 69   
frame id : 209  
frame id : 211  track id : 69   
frame id : 212  track id : 69   
frame id : 213  track id : 69   
frame id : 214  track id : 69   
frame id : 215  track id : 69   
frame id : 216  track id : 69   
frame id : 217  track id : 69   
frame id : 219  track id : 69   
frame id : 219  
frame id : 221  track id : 69   
frame id : 222  track id : 69   
frame id : 223  track id : 69   
frame id : 224  track id : 69   
frame id : 225  track id : 69   
frame id : 226  track id : 69   
frame id : 227  track id : 69   
frame id : 229  track id : 69   
frame id : 229  
frame id : 230  track id : 69   
frame id : 232  track id : 69   
frame id : 233  track id : 69   
frame id : 234  track id : 69   
frame id : 235  track id : 69   
frame id : 235  
frame id : 235  
frame id : 235  
frame id : 235  
frame id : 16   track id : 69   
frame id : 18   track id : 69   
frame id : 19   track id : 69   
frame id : 20   track id : 69   
frame id : 21   track id : 69   
frame id : 22   track id : 69   
frame id : 23   track id : 69   
frame id : 25   track id : 69   
frame id : 25   
frame id : 26   track id : 69   
frame id : 27   track id : 69   
frame id : 29   track id : 69   
frame id : 30   track id : 69   
frame id : 30   
frame id : 32   track id : 69   
frame id : 33   track id : 69   
frame id : 34   track id : 69   
frame id : 35   track id : 69   
frame id : 36   track id : 69   
frame id : 37   track id : 69   
frame id : 38   track id : 69   
frame id : 40   track id : 69   
frame id : 40   
frame id : 41   track id : 69   
frame id : 43   track id : 69   
frame id : 44   track id : 69   
frame id : 45   track id : 69   
frame id : 45   
frame id : 47   track id : 69   
frame id : 48   track id : 69   
frame id : 50   track id : 69   
frame id : 50   
frame id : 51   track id : 69   
frame id : 52   track id : 69   
frame id : 54   track id : 69   
frame id : 55   track id : 69   
frame id : 56   track id : 69   
frame id : 57   track id : 69   
frame id : 58   track id : 69   
frame id : 60   track id : 69   
frame id : 60   
frame id : 61   track id : 69   
frame id : 63   track id : 69   
frame id : 64   track id : 69   
frame id : 65   track id : 69   
frame id : 66   track id : 69   
frame id : 67   track id : 69   
frame id : 69   track id : 69   
frame id : 70   track id : 69   
frame id : 71   track id : 69   
frame id : 72   track id : 69   
frame id : 73   track id : 69   
frame id : 75   track id : 69   
frame id : 75   
frame id : 76   track id : 69   
frame id : 78   track id : 69   
frame id : 79   track id : 69   
frame id : 80   track id : 69   
frame id : 81   track id : 69   
frame id : 82   track id : 69   
frame id : 84   track id : 69   
frame id : 85   track id : 69   
frame id : 85   
frame id : 87   track id : 69   
frame id : 88   track id : 69   
frame id : 89   track id : 69   
frame id : 90   track id : 69   
frame id : 91   track id : 69   
frame id : 92   track id : 69   
frame id : 94   track id : 69   
frame id : 95   track id : 69   
frame id : 96   track id : 69   
frame id : 97   track id : 69   
frame id : 98   track id : 69   
frame id : 100  track id : 69   
frame id : 100  
frame id : 101  track id : 69   
frame id : 103  track id : 69   
frame id : 104  track id : 69   
frame id : 105  track id : 69   
frame id : 106  track id : 69   
frame id : 107  track id : 69   
frame id : 109  track id : 69   
frame id : 110  track id : 69   
frame id : 110  
frame id : 112  track id : 69   
frame id : 113  track id : 69   
frame id : 114  track id : 69   
frame id : 115  track id : 69   
frame id : 116  track id : 69   
frame id : 117  track id : 69   
frame id : 119  track id : 69   
frame id : 120  track id : 69   
frame id : 120  
frame id : 122  track id : 69   
frame id : 123  track id : 69   
frame id : 125  track id : 69   
frame id : 125  
frame id : 126  track id : 69   
frame id : 128  track id : 69   
frame id : 129  track id : 69   
frame id : 130  track id : 69   
frame id : 131  track id : 69   
frame id : 132  track id : 69   
frame id : 133  track id : 69   
frame id : 135  track id : 69   
frame id : 135  
frame id : 136  track id : 69   
frame id : 138  track id : 69   
frame id : 139  track id : 69   
frame id : 140  track id : 69   
frame id : 141  track id : 69   
frame id : 142  track id : 69   
frame id : 143  track id : 69   
frame id : 145  track id : 69   
frame id : 145  
frame id : 146  track id : 69   
frame id : 148  track id : 69   
frame id : 149  track id : 69   
frame id : 150  track id : 69   
frame id : 151  track id : 69   
frame id : 152  track id : 69   
frame id : 153  track id : 69   
frame id : 155  track id : 69   
frame id : 155  
frame id : 244  
frame id : 244  
frame id : 244  
frame id : 244  
frame id : 244  
frame id : 244  
frame id : 162  
frame id : 244  
frame id : 164  
frame id : 165  
frame id : 165  
frame id : 166  
frame id : 167  
frame id : 244  
frame id : 169  
frame id : 244  
frame id : 170  
frame id : 244  
frame id : 244  
frame id : 244  
frame id : 174  
frame id : 175  
frame id : 175  
frame id : 176  track id : 69   
frame id : 177  track id : 69   
frame id : 178  track id : 69   
frame id : 180  track id : 69   
frame id : 180  
frame id : 181  track id : 69   
frame id : 183  track id : 69   
frame id : 184  track id : 69   
frame id : 185  track id : 69   
frame id : 185  
frame id : 187  track id : 69   
frame id : 188  track id : 69   
frame id : 189  track id : 69   
frame id : 190  track id : 69   
frame id : 191  track id : 69   
frame id : 192  track id : 69   
frame id : 193  track id : 69   
frame id : 195  track id : 69   
frame id : 195  
frame id : 197  track id : 69   
frame id : 198  track id : 69   
frame id : 199  track id : 69   
frame id : 200  track id : 69   
frame id : 201  track id : 69   
frame id : 202  track id : 69   
frame id : 204  track id : 69   
frame id : 205  track id : 69   
frame id : 205  
frame id : 207  track id : 69   
frame id : 208  track id : 69   
frame id : 209  track id : 69   
frame id : 210  track id : 69   
frame id : 211  track id : 69   
frame id : 212  track id : 69   
frame id : 214  track id : 69   
frame id : 215  track id : 69   
frame id : 215  
frame id : 217  track id : 69   
frame id : 218  track id : 69   
frame id : 219  track id : 69   
frame id : 220  track id : 69   
frame id : 221  track id : 69   
frame id : 222  track id : 69   
frame id : 224  track id : 69   
frame id : 225  track id : 69   
frame id : 225  
frame id : 227  track id : 69   
frame id : 228  track id : 69   
frame id : 229  track id : 69   
frame id : 230  track id : 69   
frame id : 231  track id : 69   
frame id : 232  track id : 69   
frame id : 233  track id : 69   
frame id : 234  track id : 69   
frame id : 235  track id : 69   
frame id : 235  
frame id : 235  
frame id : 235  
frame id : 16   track id : 69   
frame id : 16   
frame id : 18   track id : 69   
frame id : 19   track id : 69   
frame id : 20   track id : 69   
frame id : 21   track id : 69   
frame id : 22   track id : 69   
frame id : 23   track id : 69   
frame id : 25   track id : 69   
frame id : 26   track id : 69   
frame id : 26   
frame id : 28   track id : 69   
frame id : 29   track id : 69   
frame id : 31   track id : 69   
frame id : 31   
frame id : 32   track id : 69   
frame id : 34   track id : 69   
frame id : 35   track id : 69   
frame id : 36   track id : 69   
frame id : 37   track id : 69   
frame id : 38   track id : 69   
frame id : 39   track id : 69   
frame id : 41   track id : 69   
frame id : 41   
frame id : 42   track id : 69   
frame id : 44   track id : 69   
frame id : 45   track id : 69   
frame id : 46   track id : 69   
frame id : 47   track id : 69   
frame id : 48   track id : 69   
frame id : 50   track id : 69   
frame id : 51   track id : 69   
frame id : 51   
frame id : 53   track id : 69   
frame id : 54   track id : 69   
frame id : 55   track id : 69   
frame id : 56   track id : 69   
frame id : 57   track id : 69   
frame id : 58   track id : 69   
frame id : 60   track id : 69   
frame id : 61   track id : 69   
frame id : 61   
frame id : 63   track id : 69   
frame id : 64   track id : 69   
frame id : 65   track id : 69   
frame id : 66   track id : 69   
frame id : 67   track id : 69   
frame id : 68   track id : 69   
frame id : 70   track id : 69   
frame id : 71   track id : 69   
frame id : 72   track id : 69   
frame id : 73   track id : 69   
frame id : 74   track id : 69   
frame id : 76   track id : 69   
frame id : 76   
frame id : 77   track id : 69   
frame id : 79   track id : 69   
frame id : 80   track id : 69   
frame id : 81   track id : 69   
frame id : 82   track id : 69   
frame id : 83   track id : 69   
frame id : 85   track id : 69   
frame id : 86   track id : 69   
frame id : 87   track id : 69   
frame id : 88   track id : 69   
frame id : 89   track id : 69   
frame id : 91   track id : 69   
frame id : 91   
frame id : 93   track id : 69   
frame id : 94   track id : 69   
frame id : 95   track id : 69   
frame id : 96   track id : 69   
frame id : 97   track id : 69   
frame id : 98   track id : 69   
frame id : 100  track id : 69   
frame id : 101  track id : 69   
frame id : 101  
frame id : 102  track id : 69   
frame id : 103  
frame id : 244  
frame id : 244  
frame id : 244  
frame id : 244  
frame id : 244  
frame id : 244  
frame id : 244  
frame id : 244  
frame id : 244  
frame id : 244  
frame id : 244  
frame id : 113  
frame id : 244  
frame id : 244  
frame id : 244  
frame id : 244  
frame id : 117  
frame id : 244  
frame id : 244  
frame id : 244  
frame id : 244  
frame id : 244  
frame id : 244  
frame id : 244  
frame id : 244  
frame id : 244  
frame id : 244  
frame id : 244  
frame id : 244  
frame id : 244  
frame id : 244  
frame id : 244  
frame id : 244  
frame id : 244  
frame id : 244  
frame id : 244  
frame id : 244  
frame id : 244  
frame id : 244  
frame id : 244  
frame id : 244  
frame id : 244  
frame id : 244  
frame id : 244  
frame id : 244  
frame id : 244  
frame id : 244  
frame id : 244  
frame id : 244  
frame id : 244  
frame id : 244  
frame id : 244  
frame id : 244  
frame id : 244  
frame id : 244  
frame id : 244  
frame id : 244  
frame id : 244  
frame id : 244  
frame id : 244  
^C==============sdk_app: Recv sig 2  !!=============
region start deinit
mw_table_element_get error 
region exit here
frame id : 244  
md stop here 
Audio Exiting
VENC Exiting
VPSS Exiting
[stream_reader_proc]-491: HI_MPI_VENC_Query chn[0] failed with 0xa0088005!
[SAMPLE_COMM_VPSS_DisableChn]-251: SAMPLE_COMM_VPSS_DisableChn failed with 0xa0078010
TODO: CVBS STOP
VI Chns Exiting
frame id : 244  
frame id : 244  
frame id : 244  
SYS Exit!
frame id : 244  
frame id : 244  
frame id : 244  
frame id : 244  
frame id : 244  
frame id : 244  
frame id : 244  
frame id : 244  
frame id : 244  
frame id : 244  
frame id : 244  
frame id : 244  
frame id : 244  
frame id : 244  
frame id : 244  
frame id : 244  
frame id : 244  
frame id : 244  
frame id : 244  
frame id : 244  
frame id : 244  
frame id : 244  
system FINALLY exit here
frame id : 244  
